A51 MACRO ASSEMBLER  CODE_HELLO                                                           02/13/2023 15:37:15 PAGE     1


MACRO ASSEMBLER A51 V8.2.7.0
OBJECT MODULE PLACED IN .\Objects\CODE_HELLO.obj
ASSEMBLER INVOKED BY: D:\Keil_v5\C51\BIN\A51.EXE CODE_HELLO.ASM SET(SMALL) DEBUG PRINT(.\Listings\CODE_HELLO.lst) OBJECT
                      (.\Objects\CODE_HELLO.obj) EP

LOC  OBJ            LINE     SOURCE

                       1     ;DAU BAI:
                       2     ;NEU BAM NUT THI TX: HELLO SV TNUT
                       3     ;NEU NHAN DC: 1 THI BAT DEN 1  ; 4 THI TAT
                       4     ;NEU NHAN DC: 2 THI BAT DEN 2  ; 5 THI TAT
                       5     ;NEU NHAN DC: 3 THI BAT DEN 3  ; 6 THI TAT
                       6     ;NEU NHAN DC: A THI BAT CA 3 DEN
                       7     ;NEU NHAN DC: T THI TAT CA 3 DEN
  00A7                 8     NUT  BIT P2.7
  00A0                 9     LED1 BIT P2.0
  00A1                10     LED2 BIT P2.1
  00A2                11     LED3 BIT P2.2
                      12             
0000                  13     ORG 0
0000 C2A0             14             CLR LED1
0002 C2A1             15             CLR LED2
0004 C2A2             16             CLR LED3  ; BAN DAU 3 LED DEU TAT
                      17             
0006 758920           18             MOV TMOD,#20H    ; TIME1 MODE 2 (AUTO RELOAD)
0009 758DFD           19             MOV TH1, #0FDH   ; FDH <==> 9600 BPS
000C D28E             20             SETB TR1                 ; START TIMER1
000E 759850           21             MOV SCON, #50H   ; UART ENABLE TX, RX
                      22             ;MOV SCON, #40H   ; UART ENABLE TX, DISABLE RX
0011                  23             MAIN:
0011 115A             24                     ACALL CHECK_NUT_BAM  ; NEU BAM THI TRUYEN HELLO SV TNUT 
                      25                     
0013 1117             26                     ACALL CHECK_RX_DATA
                      27                     
                      28                     
0015 80FA             29             JMP MAIN
                      30             
0017                  31             CHECK_RX_DATA:
                      32                     ;NHAN 1 KITU VE
0017 C298             33                     CLR RI   ; RI==FLAG BAO NHAN DU LIEU
                      34                                      ;RI AUTO 1 KHI CO DU LIEU TRUYEN DEN
0019                  35                     DOI_NHAN_XONG:
0019 115A             36                             ACALL CHECK_NUT_BAM
001B 3098FB           37                     JNB RI, DOI_NHAN_XONG
                      38                     
001E E599             39                     MOV A, SBUF    ; KI TU NHAN DC TRONG SBUF
                      40                     
                      41                     ;DIEU KHIEN THEO KI TU NHAN DC
0020 B45406           42                     CJNE A,#'T',KO_PHAI_T
0023 C2A0             43                             CLR LED1
0025 C2A1             44                             CLR LED2
0027 C2A2             45                             CLR LED3
0029                  46                     KO_PHAI_T:
                      47                     
0029 B44106           48                     CJNE A,#'A',KO_PHAI_A
002C D2A0             49                             SETB LED1
002E D2A1             50                             SETB LED2
0030 D2A2             51                             SETB LED3
0032                  52                     KO_PHAI_A:
                      53                     
0032 B43102           54                     CJNE A,#'1',KO_PHAI_1
0035 D2A0             55                             SETB LED1                       
0037                  56                     KO_PHAI_1:
                      57                     
A51 MACRO ASSEMBLER  CODE_HELLO                                                           02/13/2023 15:37:15 PAGE     2

0037 B43402           58                     CJNE A,#'4',KO_PHAI_4
003A C2A0             59                             CLR LED1
003C                  60                     KO_PHAI_4:
                      61                     
003C B43202           62                     CJNE A,#'2',KO_PHAI_2
003F D2A1             63                             SETB LED2                       
0041                  64                     KO_PHAI_2:
                      65                     
0041 B43502           66                     CJNE A,#'5',KO_PHAI_5
0044 C2A1             67                             CLR LED2
0046                  68                     KO_PHAI_5:
                      69                     
0046 B43302           70                     CJNE A,#'3',KO_PHAI_3
0049 D2A2             71                             SETB LED3                       
004B                  72                     KO_PHAI_3:
                      73                     
004B B43602           74                     CJNE A,#'6',KO_PHAI_6
004E C2A2             75                             CLR LED3
0050                  76                     KO_PHAI_6:
                      77                     
0050 B43006           78                     CJNE A,#'0',KO_PHAI_0
0053 D2A0             79                             SETB LED1
0055 C2A1             80                             CLR  LED2
0057 D2A2             81                             SETB LED3
0059                  82                     KO_PHAI_0:
0059 22               83             RET
                      84             
005A                  85             CHECK_NUT_BAM:
005A 20A716           86                     JB NUT, NUT_KO_BAM
                      87                             ;CAN TRUYEN DI CHUOI HELLO
005D 900074           88                             MOV DPTR,#HELLO
0060 7800             89                             MOV R0,#0  ; VI TRI KI TU SE TRUYEN
0062                  90                             TRUYEN_1_CHAR:
0062 E8               91                                     MOV  A,R0               ; LAY VI TRI
0063 93               92                                     MOVC A,@A+DPTR  ; LAY KI TU TAI VI TRI R0
0064 600A             93                                     JZ   TRUYEN_XONG
0066 F599             94                                     MOV  SBUF, A    ; SERIAL BUFFER
0068 C299             95                                     CLR  TI         ; TI: FLAG ENABLE SEND
                      96                                     ;TI AUTO==1 KHI TRUYEN XONG
006A 3099FD           97                                     JNB  TI,$       ; DOI TRUYEN XONG
006D 08               98                                     INC R0                  ; NEXT CHAR
006E 80F2             99                             JMP TRUYEN_1_CHAR
0070                 100                             TRUYEN_XONG:
0070 30A7FD          101                             JNB NUT,$    ; DOI NHA NUT
0073                 102                     NUT_KO_BAM:
0073 22              103             RET
                     104             
0074 48454C4C        105             HELLO: DB "HELLO SV TNUT",13,0
0078 4F205356                
007C 20544E55                
0080 540D00                  
                     106     END
A51 MACRO ASSEMBLER  CODE_HELLO                                                           02/13/2023 15:37:15 PAGE     3

SYMBOL TABLE LISTING
------ ----- -------


N A M E             T Y P E  V A L U E   ATTRIBUTES

CHECK_NUT_BAM. . .  C ADDR   005AH   A   
CHECK_RX_DATA. . .  C ADDR   0017H   A   
DOI_NHAN_XONG. . .  C ADDR   0019H   A   
HELLO. . . . . . .  C ADDR   0074H   A   
KO_PHAI_0. . . . .  C ADDR   0059H   A   
KO_PHAI_1. . . . .  C ADDR   0037H   A   
KO_PHAI_2. . . . .  C ADDR   0041H   A   
KO_PHAI_3. . . . .  C ADDR   004BH   A   
KO_PHAI_4. . . . .  C ADDR   003CH   A   
KO_PHAI_5. . . . .  C ADDR   0046H   A   
KO_PHAI_6. . . . .  C ADDR   0050H   A   
KO_PHAI_A. . . . .  C ADDR   0032H   A   
KO_PHAI_T. . . . .  C ADDR   0029H   A   
LED1 . . . . . . .  B ADDR   00A0H.0 A   
LED2 . . . . . . .  B ADDR   00A0H.1 A   
LED3 . . . . . . .  B ADDR   00A0H.2 A   
MAIN . . . . . . .  C ADDR   0011H   A   
NUT. . . . . . . .  B ADDR   00A0H.7 A   
NUT_KO_BAM . . . .  C ADDR   0073H   A   
P2 . . . . . . . .  D ADDR   00A0H   A   
RI . . . . . . . .  B ADDR   0098H.0 A   
SBUF . . . . . . .  D ADDR   0099H   A   
SCON . . . . . . .  D ADDR   0098H   A   
TH1. . . . . . . .  D ADDR   008DH   A   
TI . . . . . . . .  B ADDR   0098H.1 A   
TMOD . . . . . . .  D ADDR   0089H   A   
TR1. . . . . . . .  B ADDR   0088H.6 A   
TRUYEN_1_CHAR. . .  C ADDR   0062H   A   
TRUYEN_XONG. . . .  C ADDR   0070H   A   


REGISTER BANK(S) USED: 0 


ASSEMBLY COMPLETE.  0 WARNING(S), 0 ERROR(S)
